TN:
SF:src/index.ts
FN:145,(anonymous_0)
FN:151,(anonymous_1)
FN:157,(anonymous_2)
FN:163,(anonymous_3)
FN:168,(anonymous_4)
FN:174,(anonymous_5)
FN:177,(anonymous_6)
FN:186,(anonymous_7)
FN:194,(anonymous_8)
FN:206,(anonymous_9)
FN:211,(anonymous_10)
FN:221,(anonymous_11)
FN:231,(anonymous_12)
FN:236,(anonymous_13)
FN:264,(anonymous_14)
FN:272,(anonymous_15)
FN:277,(anonymous_16)
FN:282,(anonymous_17)
FN:287,(anonymous_18)
FN:292,(anonymous_19)
FN:297,(anonymous_20)
FN:298,(anonymous_21)
FN:312,(anonymous_22)
FN:318,(anonymous_23)
FN:324,(anonymous_24)
FN:329,(anonymous_25)
FN:340,(anonymous_26)
FN:404,(anonymous_27)
FN:412,(anonymous_28)
FN:416,(anonymous_29)
FN:417,(anonymous_30)
FN:427,(anonymous_31)
FN:432,(anonymous_32)
FN:437,(anonymous_33)
FN:442,(anonymous_34)
FN:450,(anonymous_35)
FN:459,(anonymous_36)
FN:468,(anonymous_37)
FN:479,(anonymous_38)
FN:494,(anonymous_39)
FN:513,(anonymous_40)
FN:518,(anonymous_41)
FN:524,(anonymous_42)
FN:562,(anonymous_43)
FN:571,(anonymous_44)
FN:586,(anonymous_45)
FN:595,(anonymous_46)
FN:605,(anonymous_47)
FN:617,(anonymous_48)
FN:629,(anonymous_49)
FN:647,(anonymous_50)
FN:662,(anonymous_51)
FN:670,(anonymous_52)
FN:677,(anonymous_53)
FN:685,(anonymous_54)
FNF:55
FNH:54
FNDA:50,(anonymous_0)
FNDA:108,(anonymous_1)
FNDA:1,(anonymous_2)
FNDA:3,(anonymous_3)
FNDA:1,(anonymous_4)
FNDA:49,(anonymous_5)
FNDA:5,(anonymous_6)
FNDA:4,(anonymous_7)
FNDA:1,(anonymous_8)
FNDA:50,(anonymous_9)
FNDA:6,(anonymous_10)
FNDA:1,(anonymous_11)
FNDA:2,(anonymous_12)
FNDA:1,(anonymous_13)
FNDA:50,(anonymous_14)
FNDA:1,(anonymous_15)
FNDA:9,(anonymous_16)
FNDA:1,(anonymous_17)
FNDA:0,(anonymous_18)
FNDA:1,(anonymous_19)
FNDA:50,(anonymous_20)
FNDA:50,(anonymous_21)
FNDA:49,(anonymous_22)
FNDA:1,(anonymous_23)
FNDA:1,(anonymous_24)
FNDA:20,(anonymous_25)
FNDA:19,(anonymous_26)
FNDA:13,(anonymous_27)
FNDA:1,(anonymous_28)
FNDA:22,(anonymous_29)
FNDA:13,(anonymous_30)
FNDA:3,(anonymous_31)
FNDA:1,(anonymous_32)
FNDA:1,(anonymous_33)
FNDA:2,(anonymous_34)
FNDA:15,(anonymous_35)
FNDA:3,(anonymous_36)
FNDA:3,(anonymous_37)
FNDA:187,(anonymous_38)
FNDA:115,(anonymous_39)
FNDA:111,(anonymous_40)
FNDA:2,(anonymous_41)
FNDA:77,(anonymous_42)
FNDA:47,(anonymous_43)
FNDA:8,(anonymous_44)
FNDA:5,(anonymous_45)
FNDA:1,(anonymous_46)
FNDA:6,(anonymous_47)
FNDA:4,(anonymous_48)
FNDA:1,(anonymous_49)
FNDA:2,(anonymous_50)
FNDA:1,(anonymous_51)
FNDA:1,(anonymous_52)
FNDA:1,(anonymous_53)
FNDA:1,(anonymous_54)
DA:140,50
DA:141,50
DA:142,50
DA:146,50
DA:147,50
DA:152,108
DA:153,108
DA:158,1
DA:159,1
DA:164,3
DA:169,1
DA:170,1
DA:175,49
DA:177,49
DA:178,5
DA:179,3
DA:180,3
DA:187,4
DA:188,4
DA:189,4
DA:195,1
DA:196,1
DA:204,50
DA:207,50
DA:212,6
DA:213,2
DA:214,2
DA:216,4
DA:217,4
DA:222,1
DA:223,0
DA:224,0
DA:226,1
DA:227,1
DA:232,2
DA:237,1
DA:245,50
DA:246,50
DA:256,50
DA:259,50
DA:262,50
DA:265,50
DA:266,50
DA:267,50
DA:268,50
DA:273,1
DA:278,9
DA:283,1
DA:288,0
DA:293,1
DA:298,50
DA:299,50
DA:304,50
DA:308,50
DA:310,50
DA:312,50
DA:314,49
DA:315,49
DA:318,50
DA:319,1
DA:320,1
DA:321,1
DA:324,50
DA:325,1
DA:326,1
DA:329,50
DA:330,20
DA:331,20
DA:332,20
DA:334,1
DA:341,19
DA:343,9
DA:344,9
DA:346,9
DA:347,0
DA:350,9
DA:351,0
DA:353,9
DA:357,9
DA:360,1
DA:361,1
DA:365,1
DA:366,1
DA:367,1
DA:368,1
DA:372,2
DA:373,2
DA:374,2
DA:378,0
DA:379,0
DA:380,0
DA:384,1
DA:385,1
DA:386,1
DA:389,1
DA:390,1
DA:391,1
DA:394,4
DA:395,4
DA:399,0
DA:405,13
DA:406,12
DA:408,13
DA:413,1
DA:417,22
DA:418,13
DA:419,13
DA:421,1
DA:428,3
DA:433,1
DA:438,1
DA:443,2
DA:444,1
DA:445,1
DA:447,1
DA:451,15
DA:452,14
DA:454,1
DA:460,3
DA:461,3
DA:462,3
DA:463,3
DA:469,3
DA:481,187
DA:496,115
DA:497,115
DA:498,114
DA:499,114
DA:501,110
DA:502,110
DA:503,110
DA:509,2
DA:514,111
DA:519,2
DA:529,77
DA:535,77
DA:536,9
DA:539,77
DA:546,72
DA:548,71
DA:549,11
DA:552,60
DA:563,47
DA:572,8
DA:573,8
DA:574,2
DA:576,6
DA:577,2
DA:579,4
DA:587,5
DA:588,5
DA:596,1
DA:606,6
DA:607,6
DA:608,6
DA:609,6
DA:618,4
DA:619,4
DA:620,4
DA:621,4
DA:622,4
DA:630,1
DA:631,1
DA:648,2
DA:663,1
DA:671,1
DA:678,1
DA:686,1
LF:168
LH:159
BRDA:145,0,0,50
BRDA:175,1,0,0
BRDA:175,1,1,49
BRDA:178,2,0,3
BRDA:178,2,1,2
BRDA:187,3,0,4
BRDA:187,3,1,0
BRDA:212,4,0,2
BRDA:212,4,1,4
BRDA:222,5,0,0
BRDA:222,5,1,1
BRDA:306,6,0,38
BRDA:306,6,1,12
BRDA:341,7,0,9
BRDA:341,7,1,1
BRDA:341,7,2,1
BRDA:341,7,3,2
BRDA:341,7,4,0
BRDA:341,7,5,1
BRDA:341,7,6,1
BRDA:341,7,7,4
BRDA:341,7,8,0
BRDA:346,8,0,0
BRDA:346,8,1,9
BRDA:350,9,0,0
BRDA:350,9,1,9
BRDA:405,10,0,12
BRDA:405,10,1,1
BRDA:427,11,0,3
BRDA:443,12,0,1
BRDA:443,12,1,1
BRDA:451,13,0,14
BRDA:451,13,1,1
BRDA:451,14,0,15
BRDA:451,14,1,14
BRDA:461,15,0,3
BRDA:461,15,1,0
BRDA:484,16,0,187
BRDA:484,16,1,115
BRDA:485,17,0,187
BRDA:485,17,1,185
BRDA:486,18,0,187
BRDA:486,18,1,177
BRDA:497,19,0,114
BRDA:497,19,1,1
BRDA:499,20,0,3
BRDA:499,20,1,111
BRDA:535,21,0,9
BRDA:535,21,1,68
BRDA:543,22,0,48
BRDA:543,22,1,29
BRDA:548,23,0,11
BRDA:548,23,1,60
BRDA:549,24,0,11
BRDA:549,24,1,1
BRDA:576,25,0,2
BRDA:576,25,1,4
BRF:57
BRH:49
end_of_record
